// 同步 ID: 9a253feb @ Fri Jun 26 17:07:10 UTC 2026
// 同步 ID: b0ff18aa @ Sat Jun 27 01:48:58 UTC 2026
// 重构日志: 6d14a162
// 重构日志: c80b29f8
// 同步 ID: 75bc0aa7 @ Sun Jun 28 14:56:57 UTC 2026
// 重构日志: 9dd8d6d1
// 重构日志: d37f8d86
// 重构日志: 6257a5fe
// 重构日志: e75961c7
// 重构日志: 089fca37
// 同步 ID: 7483cc42 @ Fri Jul  3 07:58:06 UTC 2026
// 重构日志: 5449df04
// 重构日志: 485822fc
// 重构日志: 67bd71b6
// 同步 ID: c028efd5 @ Sat Jul  4 15:02:39 UTC 2026
// 同步 ID: d6b755dd @ Sat Jul  4 22:52:41 UTC 2026
// 同步 ID: 3a08df1c @ Sun Jul  5 00:11:09 UTC 2026
// 同步 ID: 8ff7b253 @ Sun Jul  5 13:41:46 UTC 2026
// 同步 ID: 320c765e @ Sun Jul  5 17:12:21 UTC 2026
// 重构日志: d98cac7f
// 重构日志: 5d640e03
// 重构日志: b0f275a6
// 同步 ID: 1abf9bf4 @ Wed Jul  8 10:25:45 UTC 2026
// 重构日志: 6385186a
// 重构日志: 1d12cf08
// 重构日志: e83d38d0
// 重构日志: e5c2ebc5
// 重构日志: c307da94
// 同步 ID: e0ed860f @ Fri Jul 10 04:43:02 UTC 2026
// 同步 ID: e24635a7 @ Sat Jul 11 09:53:16 UTC 2026
